<?xml version="1.0" encoding="UTF-8"?>
<!-- Generated by org.testng.reporters.JUnitXMLReporter -->
<testsuite ignored="0" hostname="PF14H0VV" failures="1" tests="2" name="Firefox Test" time="16.928" errors="0" timestamp="2022-06-03T00:34:22 EDT">
  <testcase classname="Tests.SearchTest" name="blankresultPage" time="6.164">
    <failure type="java.lang.AssertionError" message="expected [Search - Wikipedia, the free encyclopedia] but found [Search - Wikipedia]">
      <![CDATA[java.lang.AssertionError: expected [Search - Wikipedia, the free encyclopedia] but found [Search - Wikipedia]
at Tests.SearchTest.blankresultPage(SearchTest.java:19)
at java.base/java.util.ArrayList.forEach(ArrayList.java:1511)
... Removed 36 stack frames]]>
    </failure>
  </testcase> <!-- blankresultPage -->
  <testcase classname="Tests.SearchTest" name="firstSearchTest" time="5.98"/>
</testsuite> <!-- Firefox Test -->
