<?xml version="1.0" encoding="UTF-8"?>
<testng-results ignored="0" total="2" passed="2" failed="0" skipped="0">
  <reporter-output>
  </reporter-output>
  <suite started-at="2022-06-03T17:19:32 EDT" name="TestSuite" finished-at="2022-06-03T17:19:50 EDT" duration-ms="17977">
    <groups>
    </groups>
    <test started-at="2022-06-03T17:19:32 EDT" name="Chrome Test" finished-at="2022-06-03T17:19:50 EDT" duration-ms="17977">
      <class name="Tests.SearchTest">
        <test-method is-config="true" signature="setup(java.lang.String)[pri:0, instance:Tests.SearchTest@52aa2946]" started-at="2022-06-03T17:19:32 EDT" name="setup" finished-at="2022-06-03T17:19:38 EDT" duration-ms="5998" status="PASS">
          <params>
            <param index="0">
              <value>
                <![CDATA[http://www.wikipedia.org]]>
              </value>
            </param>
          </params>
          <reporter-output>
          </reporter-output>
        </test-method> <!-- setup -->
        <test-method signature="blankresultPage()[pri:1, instance:Tests.SearchTest@52aa2946]" started-at="2022-06-03T17:19:38 EDT" name="blankresultPage" finished-at="2022-06-03T17:19:44 EDT" duration-ms="5839" status="PASS">
          <reporter-output>
          </reporter-output>
        </test-method> <!-- blankresultPage -->
        <test-method is-config="true" signature="tearDown(org.testng.ITestResult)[pri:0, instance:Tests.SearchTest@52aa2946]" started-at="2022-06-03T17:19:44 EDT" name="tearDown" finished-at="2022-06-03T17:19:44 EDT" duration-ms="1" status="PASS">
          <params>
            <param index="0">
              <value>
                <![CDATA[[TestResult name=blankresultPage status=SUCCESS method=SearchTest.blankresultPage()[pri:1, instance:Tests.SearchTest@52aa2946] output={null}]]]>
              </value>
            </param>
          </params>
          <reporter-output>
          </reporter-output>
        </test-method> <!-- tearDown -->
        <test-method signature="firstSearchTest()[pri:2, instance:Tests.SearchTest@52aa2946]" started-at="2022-06-03T17:19:44 EDT" name="firstSearchTest" finished-at="2022-06-03T17:19:49 EDT" duration-ms="5670" status="PASS">
          <reporter-output>
          </reporter-output>
        </test-method> <!-- firstSearchTest -->
        <test-method is-config="true" signature="tearDown(org.testng.ITestResult)[pri:0, instance:Tests.SearchTest@52aa2946]" started-at="2022-06-03T17:19:49 EDT" name="tearDown" finished-at="2022-06-03T17:19:49 EDT" duration-ms="0" status="PASS">
          <params>
            <param index="0">
              <value>
                <![CDATA[[TestResult name=firstSearchTest status=SUCCESS method=SearchTest.firstSearchTest()[pri:2, instance:Tests.SearchTest@52aa2946] output={null}]]]>
              </value>
            </param>
          </params>
          <reporter-output>
          </reporter-output>
        </test-method> <!-- tearDown -->
        <test-method is-config="true" signature="afterClass()[pri:0, instance:Tests.SearchTest@52aa2946]" started-at="2022-06-03T17:19:49 EDT" name="afterClass" finished-at="2022-06-03T17:19:50 EDT" duration-ms="434" status="PASS">
          <reporter-output>
          </reporter-output>
        </test-method> <!-- afterClass -->
      </class> <!-- Tests.SearchTest -->
    </test> <!-- Chrome Test -->
  </suite> <!-- TestSuite -->
</testng-results>
